[19:13:10] [ServerMain/INFO]: Environment: authHost='https://authserver.mojang.com', accountsHost='https://api.mojang.com', sessionHost='https://sessionserver.mojang.com', servicesHost='https://api.minecraftservices.com', name='PROD'
[19:13:12] [ServerMain/INFO]: Loaded 7 recipes
[19:13:12] [ServerMain/INFO]: Loaded 1271 advancements
[19:13:12] [Server thread/INFO]: Starting minecraft server version 1.20.1
[19:13:12] [Server thread/INFO]: Loading properties
[19:13:12] [Server thread/INFO]: Default game type: SURVIVAL
[19:13:12] [Server thread/INFO]: Generating keypair
[19:13:12] [Server thread/INFO]: Starting Minecraft server on *:25565
[19:13:12] [Server thread/INFO]: Using epoll channel type
[19:13:12] [Server thread/WARN]: **** SERVER IS RUNNING IN OFFLINE/INSECURE MODE!
[19:13:12] [Server thread/WARN]: The server will make no attempt to authenticate usernames. Beware.
[19:13:12] [Server thread/WARN]: While this makes the game possible to play without internet access, it also opens up the ability for hackers to connect with any username they choose.
[19:13:12] [Server thread/WARN]: To change this, set "online-mode" to "true" in the server.properties file.
[19:13:13] [Server thread/INFO]: Preparing level "world"
[19:13:15] [Server thread/INFO]: Preparing start region for dimension minecraft:overworld
[19:13:18] [Worker-Main-2/INFO]: Preparing spawn area: 0%
[19:13:18] [Worker-Main-2/INFO]: Preparing spawn area: 0%
[19:13:18] [Worker-Main-2/INFO]: Preparing spawn area: 0%
[19:13:18] [Worker-Main-2/INFO]: Preparing spawn area: 0%
[19:13:18] [Worker-Main-2/INFO]: Preparing spawn area: 0%
[19:13:18] [Worker-Main-2/INFO]: Preparing spawn area: 0%
[19:13:18] [Worker-Main-1/INFO]: Preparing spawn area: 0%
[19:13:19] [Worker-Main-2/INFO]: Preparing spawn area: 6%
[19:13:19] [Worker-Main-2/INFO]: Preparing spawn area: 69%
[19:13:20] [Server thread/INFO]: Time elapsed: 4224 ms
[19:13:20] [Server thread/INFO]: Done (7.034s)! For help, type "help"
[19:13:47] [Server thread/INFO]: shyrajar[/127.216.111.10:41321] logged in with entity id 95 at (-9.5, 78.0, -4.5)
[19:13:47] [Server thread/INFO]: shyrajar joined the game
[19:17:49] [Server thread/INFO]: Made shyrajar a server operator
[19:18:07] [Server thread/INFO]: [shyrajar: Set own game mode to Creative Mode]
[19:20:12] [Server thread/INFO]: shyrajar lost connection: Disconnected
[19:20:12] [Server thread/INFO]: shyrajar left the game
